{
  "stats": {
    "suites": 1,
    "tests": 10,
    "passes": 10,
    "pending": 0,
    "failures": 0,
    "start": "2025-10-19T20:25:00.294Z",
    "end": "2025-10-19T20:28:21.810Z",
    "duration": 201516,
    "testsRegistered": 10,
    "passPercent": 100,
    "pendingPercent": 0,
    "other": 0,
    "hasOther": false,
    "skipped": 0,
    "hasSkipped": false
  },
  "results": [
    {
      "uuid": "4c7b5de5-4055-4552-acc2-b5eac51e075d",
      "title": "",
      "fullFile": "cypress/e2e/pgats-final-tests.cy.js",
      "file": "cypress/e2e/pgats-final-tests.cy.js",
      "beforeHooks": [],
      "afterHooks": [],
      "tests": [],
      "suites": [
        {
          "uuid": "f972a43e-9585-41a6-b1a1-4ea6903afe31",
          "title": "PGATS - Final Project - Automation Exercise",
          "fullFile": "",
          "file": "",
          "beforeHooks": [],
          "afterHooks": [],
          "tests": [
            {
              "title": "TC1 - Register User",
              "fullTitle": "PGATS - Final Project - Automation Exercise TC1 - Register User",
              "timedOut": null,
              "duration": 20905,
              "state": "passed",
              "speed": "slow",
              "pass": true,
              "fail": false,
              "pending": false,
              "context": null,
              "code": "testData.userData = generateUserData();\ntestFlows.completeRegistration(testData.userData);\nauthPage.verifyUserLoggedIn(testData.userData.name);\nauthPage.deleteAccount();",
              "err": {},
              "uuid": "40adf1ac-1bfc-4298-87ce-5130b6f9f1a4",
              "parentUUID": "f972a43e-9585-41a6-b1a1-4ea6903afe31",
              "isHook": false,
              "skipped": false
            },
            {
              "title": "TC2 - Login User with correct email and password",
              "fullTitle": "PGATS - Final Project - Automation Exercise TC2 - Login User with correct email and password",
              "timedOut": null,
              "duration": 24478,
              "state": "passed",
              "speed": "slow",
              "pass": true,
              "fail": false,
              "pending": false,
              "context": null,
              "code": "testData.userData = generateUserData();\ntestFlows.completeRegistration(testData.userData);\nauthPage.logout();\ntestFlows.performLogin(testData.userData.email, testData.userData.password, testData.userData.name);\nauthPage.verifyUserLoggedIn(testData.userData.name);\nauthPage.deleteAccount();",
              "err": {},
              "uuid": "b40cae3a-b10a-4a45-9893-002ad3b1f887",
              "parentUUID": "f972a43e-9585-41a6-b1a1-4ea6903afe31",
              "isHook": false,
              "skipped": false
            },
            {
              "title": "TC3 - Login User with incorrect email and password",
              "fullTitle": "PGATS - Final Project - Automation Exercise TC3 - Login User with incorrect email and password",
              "timedOut": null,
              "duration": 7700,
              "state": "passed",
              "speed": "medium",
              "pass": true,
              "fail": false,
              "pending": false,
              "context": null,
              "code": "const incorrectEmail = 'incorrect@test.com';\nconst incorrectPassword = 'wrongpassword';\ntestFlows.testIncorrectLogin(incorrectEmail, incorrectPassword);",
              "err": {},
              "uuid": "82c10e36-7516-4185-9b50-218090b341e8",
              "parentUUID": "f972a43e-9585-41a6-b1a1-4ea6903afe31",
              "isHook": false,
              "skipped": false
            },
            {
              "title": "TC4 - Logout User",
              "fullTitle": "PGATS - Final Project - Automation Exercise TC4 - Logout User",
              "timedOut": null,
              "duration": 15546,
              "state": "passed",
              "speed": "slow",
              "pass": true,
              "fail": false,
              "pending": false,
              "context": null,
              "code": "testData.userData = generateUserData();\ntestFlows.completeRegistration(testData.userData);\nauthPage.verifyUserLoggedIn(testData.userData.name);\ntestFlows.performLogout();\ncy.url().should('include', '/login');",
              "err": {},
              "uuid": "077c016a-45aa-459c-98d4-a0bf7f02e32a",
              "parentUUID": "f972a43e-9585-41a6-b1a1-4ea6903afe31",
              "isHook": false,
              "skipped": false
            },
            {
              "title": "TC5 - Register User with existing email",
              "fullTitle": "PGATS - Final Project - Automation Exercise TC5 - Register User with existing email",
              "timedOut": null,
              "duration": 23710,
              "state": "passed",
              "speed": "slow",
              "pass": true,
              "fail": false,
              "pending": false,
              "context": null,
              "code": "testData.userData = generateUserData();\nconst duplicateUserData = generateUserData();\nduplicateUserData.email = testData.userData.email;\ntestFlows.completeRegistration(testData.userData);\nauthPage.logout();\nhomePage.navigateToLogin();\nauthPage.fillSignupForm(duplicateUserData.name, duplicateUserData.email);\ncy.contains('Email Address already exist!').should('be.visible');\nauthPage.navigateToSignupLogin();\nauthPage.login(testData.userData.email, testData.userData.password);\nauthPage.deleteAccount();",
              "err": {},
              "uuid": "a76564f9-9cc9-48f7-aeda-4dce02c4711c",
              "parentUUID": "f972a43e-9585-41a6-b1a1-4ea6903afe31",
              "isHook": false,
              "skipped": false
            },
            {
              "title": "TC6 - Contact Us Form",
              "fullTitle": "PGATS - Final Project - Automation Exercise TC6 - Contact Us Form",
              "timedOut": null,
              "duration": 15274,
              "state": "passed",
              "speed": "slow",
              "pass": true,
              "fail": false,
              "pending": false,
              "context": null,
              "code": "const contactData = generateContactData();\ntestFlows.completeContactFlow(contactData);",
              "err": {},
              "uuid": "7288907f-3672-43eb-9e48-9933782b9ed8",
              "parentUUID": "f972a43e-9585-41a6-b1a1-4ea6903afe31",
              "isHook": false,
              "skipped": false
            },
            {
              "title": "TC8 - Verify All Products and product detail page",
              "fullTitle": "PGATS - Final Project - Automation Exercise TC8 - Verify All Products and product detail page",
              "timedOut": null,
              "duration": 8931,
              "state": "passed",
              "speed": "medium",
              "pass": true,
              "fail": false,
              "pending": false,
              "context": null,
              "code": "testFlows.verifyProductsFlow();",
              "err": {},
              "uuid": "ff8955fc-3001-48d2-b1b6-01f7c0d5aa17",
              "parentUUID": "f972a43e-9585-41a6-b1a1-4ea6903afe31",
              "isHook": false,
              "skipped": false
            },
            {
              "title": "TC9 - Search Product",
              "fullTitle": "PGATS - Final Project - Automation Exercise TC9 - Search Product",
              "timedOut": null,
              "duration": 8791,
              "state": "passed",
              "speed": "medium",
              "pass": true,
              "fail": false,
              "pending": false,
              "context": null,
              "code": "const searchData = generateProductSearchData();\ntestFlows.searchProductFlow(searchData.searchTerm);",
              "err": {},
              "uuid": "3e10b8d7-5b2d-417e-9076-3b3fde346e24",
              "parentUUID": "f972a43e-9585-41a6-b1a1-4ea6903afe31",
              "isHook": false,
              "skipped": false
            },
            {
              "title": "TC10 - Verify Subscription in home page",
              "fullTitle": "PGATS - Final Project - Automation Exercise TC10 - Verify Subscription in home page",
              "timedOut": null,
              "duration": 6420,
              "state": "passed",
              "speed": "medium",
              "pass": true,
              "fail": false,
              "pending": false,
              "context": null,
              "code": "const subscriptionData = generateSubscriptionData();\ntestFlows.subscriptionHomeFlow(subscriptionData.email);",
              "err": {},
              "uuid": "06b54fc7-fb18-4b3e-829b-4fc5b5f30d67",
              "parentUUID": "f972a43e-9585-41a6-b1a1-4ea6903afe31",
              "isHook": false,
              "skipped": false
            },
            {
              "title": "TC15 - Place Order: Register while Checkout",
              "fullTitle": "PGATS - Final Project - Automation Exercise TC15 - Place Order: Register while Checkout",
              "timedOut": null,
              "duration": 27674,
              "state": "passed",
              "speed": "slow",
              "pass": true,
              "fail": false,
              "pending": false,
              "context": null,
              "code": "testData.userData = generateUserData();\nconst paymentData = generatePaymentData();\ntestFlows.completeOrderFlow(testData.userData, paymentData);",
              "err": {},
              "uuid": "42971daa-4687-4054-803b-c8ba13d0beb3",
              "parentUUID": "f972a43e-9585-41a6-b1a1-4ea6903afe31",
              "isHook": false,
              "skipped": false
            }
          ],
          "suites": [],
          "passes": [
            "40adf1ac-1bfc-4298-87ce-5130b6f9f1a4",
            "b40cae3a-b10a-4a45-9893-002ad3b1f887",
            "82c10e36-7516-4185-9b50-218090b341e8",
            "077c016a-45aa-459c-98d4-a0bf7f02e32a",
            "a76564f9-9cc9-48f7-aeda-4dce02c4711c",
            "7288907f-3672-43eb-9e48-9933782b9ed8",
            "ff8955fc-3001-48d2-b1b6-01f7c0d5aa17",
            "3e10b8d7-5b2d-417e-9076-3b3fde346e24",
            "06b54fc7-fb18-4b3e-829b-4fc5b5f30d67",
            "42971daa-4687-4054-803b-c8ba13d0beb3"
          ],
          "failures": [],
          "pending": [],
          "skipped": [],
          "duration": 159429,
          "root": false,
          "rootEmpty": false,
          "_timeout": 2000
        }
      ],
      "passes": [],
      "failures": [],
      "pending": [],
      "skipped": [],
      "duration": 0,
      "root": true,
      "rootEmpty": true,
      "_timeout": 2000
    }
  ],
  "meta": {
    "mocha": {
      "version": "7.0.1"
    },
    "mochawesome": {
      "options": {
        "quiet": false,
        "reportFilename": "mochawesome",
        "saveHtml": true,
        "saveJson": true,
        "consoleReporter": "spec",
        "useInlineDiffs": false,
        "code": true
      },
      "version": "7.1.4"
    },
    "marge": {
      "options": {
        "reportDir": "cypress/reports",
        "overwrite": false,
        "html": true,
        "json": true,
        "timestamp": "mmddyyyy_HHMMss"
      },
      "version": "6.3.0"
    }
  }
}