{
  "stats": {
    "suites": 1,
    "tests": 10,
    "passes": 9,
    "pending": 0,
    "failures": 1,
    "start": "2025-10-19T20:19:19.365Z",
    "end": "2025-10-19T20:22:51.101Z",
    "duration": 211736,
    "testsRegistered": 10,
    "passPercent": 90,
    "pendingPercent": 0,
    "other": 0,
    "hasOther": false,
    "skipped": 0,
    "hasSkipped": false
  },
  "results": [
    {
      "uuid": "95ea1bca-d6a1-4461-b6db-4e9fce689e55",
      "title": "",
      "fullFile": "cypress/e2e/pgats-final-tests.cy.js",
      "file": "cypress/e2e/pgats-final-tests.cy.js",
      "beforeHooks": [],
      "afterHooks": [],
      "tests": [],
      "suites": [
        {
          "uuid": "10b1fb5d-d66a-4cc7-84b8-6b3a9db77612",
          "title": "PGATS - Final Project - Automation Exercise",
          "fullFile": "",
          "file": "",
          "beforeHooks": [],
          "afterHooks": [],
          "tests": [
            {
              "title": "TC1 - Register User",
              "fullTitle": "PGATS - Final Project - Automation Exercise TC1 - Register User",
              "timedOut": null,
              "duration": 19412,
              "state": "passed",
              "speed": "slow",
              "pass": true,
              "fail": false,
              "pending": false,
              "context": null,
              "code": "testData.userData = generateUserData();\ntestFlows.completeRegistration(testData.userData);\nauthPage.verifyUserLoggedIn(testData.userData.name);\nauthPage.deleteAccount();",
              "err": {},
              "uuid": "10e167c8-e7c2-40c4-9d38-bdd6c07b1894",
              "parentUUID": "10b1fb5d-d66a-4cc7-84b8-6b3a9db77612",
              "isHook": false,
              "skipped": false
            },
            {
              "title": "TC2 - Login User with correct email and password",
              "fullTitle": "PGATS - Final Project - Automation Exercise TC2 - Login User with correct email and password",
              "timedOut": null,
              "duration": 25254,
              "state": "passed",
              "speed": "slow",
              "pass": true,
              "fail": false,
              "pending": false,
              "context": null,
              "code": "testData.userData = generateUserData();\ntestFlows.completeRegistration(testData.userData);\nauthPage.logout();\ntestFlows.performLogin(testData.userData.email, testData.userData.password, testData.userData.name);\nauthPage.verifyUserLoggedIn(testData.userData.name);\nauthPage.deleteAccount();",
              "err": {},
              "uuid": "caf6e217-8d68-45fa-8a5a-202aa7241e49",
              "parentUUID": "10b1fb5d-d66a-4cc7-84b8-6b3a9db77612",
              "isHook": false,
              "skipped": false
            },
            {
              "title": "TC3 - Login User with incorrect email and password",
              "fullTitle": "PGATS - Final Project - Automation Exercise TC3 - Login User with incorrect email and password",
              "timedOut": null,
              "duration": 7813,
              "state": "passed",
              "speed": "medium",
              "pass": true,
              "fail": false,
              "pending": false,
              "context": null,
              "code": "const incorrectEmail = 'incorrect@test.com';\nconst incorrectPassword = 'wrongpassword';\ntestFlows.testIncorrectLogin(incorrectEmail, incorrectPassword);",
              "err": {},
              "uuid": "6814b89d-e553-49cd-bc7e-405bf3074797",
              "parentUUID": "10b1fb5d-d66a-4cc7-84b8-6b3a9db77612",
              "isHook": false,
              "skipped": false
            },
            {
              "title": "TC4 - Logout User",
              "fullTitle": "PGATS - Final Project - Automation Exercise TC4 - Logout User",
              "timedOut": null,
              "duration": 14951,
              "state": "passed",
              "speed": "slow",
              "pass": true,
              "fail": false,
              "pending": false,
              "context": null,
              "code": "testData.userData = generateUserData();\ntestFlows.completeRegistration(testData.userData);\nauthPage.verifyUserLoggedIn(testData.userData.name);\ntestFlows.performLogout();\ncy.url().should('include', '/login');",
              "err": {},
              "uuid": "d058d625-09bb-4436-9f0a-c4ef21ca1345",
              "parentUUID": "10b1fb5d-d66a-4cc7-84b8-6b3a9db77612",
              "isHook": false,
              "skipped": false
            },
            {
              "title": "TC5 - Register User with existing email",
              "fullTitle": "PGATS - Final Project - Automation Exercise TC5 - Register User with existing email",
              "timedOut": null,
              "duration": 24413,
              "state": "passed",
              "speed": "slow",
              "pass": true,
              "fail": false,
              "pending": false,
              "context": null,
              "code": "testData.userData = generateUserData();\nconst duplicateUserData = generateUserData();\nduplicateUserData.email = testData.userData.email;\ntestFlows.completeRegistration(testData.userData);\nauthPage.logout();\nhomePage.navigateToLogin();\nauthPage.fillSignupForm(duplicateUserData.name, duplicateUserData.email);\ncy.contains('Email Address already exist!').should('be.visible');\nauthPage.navigateToSignupLogin();\nauthPage.login(testData.userData.email, testData.userData.password);\nauthPage.deleteAccount();",
              "err": {},
              "uuid": "b00a2915-ecd3-4d74-a65c-41e853a7c397",
              "parentUUID": "10b1fb5d-d66a-4cc7-84b8-6b3a9db77612",
              "isHook": false,
              "skipped": false
            },
            {
              "title": "TC6 - Contact Us Form",
              "fullTitle": "PGATS - Final Project - Automation Exercise TC6 - Contact Us Form",
              "timedOut": null,
              "duration": 15365,
              "state": "passed",
              "speed": "slow",
              "pass": true,
              "fail": false,
              "pending": false,
              "context": null,
              "code": "const contactData = generateContactData();\ntestFlows.completeContactFlow(contactData);",
              "err": {},
              "uuid": "3f10d6eb-d03a-4de1-97c9-38eeb138bc40",
              "parentUUID": "10b1fb5d-d66a-4cc7-84b8-6b3a9db77612",
              "isHook": false,
              "skipped": false
            },
            {
              "title": "TC8 - Verify All Products and product detail page",
              "fullTitle": "PGATS - Final Project - Automation Exercise TC8 - Verify All Products and product detail page",
              "timedOut": null,
              "duration": 8337,
              "state": "passed",
              "speed": "medium",
              "pass": true,
              "fail": false,
              "pending": false,
              "context": null,
              "code": "testFlows.verifyProductsFlow();",
              "err": {},
              "uuid": "10f0867e-aaa4-4d3f-a136-d632920a215d",
              "parentUUID": "10b1fb5d-d66a-4cc7-84b8-6b3a9db77612",
              "isHook": false,
              "skipped": false
            },
            {
              "title": "TC9 - Search Product",
              "fullTitle": "PGATS - Final Project - Automation Exercise TC9 - Search Product",
              "timedOut": null,
              "duration": 17884,
              "state": "failed",
              "speed": null,
              "pass": false,
              "fail": true,
              "pending": false,
              "context": null,
              "code": "const searchData = generateProductSearchData();\ntestFlows.searchProductFlow(searchData.searchTerm);",
              "err": {
                "message": "AssertionError: Timed out retrying after 10000ms: Expected to find element: `input#search_product`, but never found it.",
                "estack": "AssertionError: Timed out retrying after 10000ms: Expected to find element: `input#search_product`, but never found it.\n    at ProductsPage.searchProduct (webpack://pgats-web-automation-final-project/./cypress/support/pages/products/index.js:49:7)\n    at Context.eval (webpack://pgats-web-automation-final-project/./cypress/support/pages/products/index.js:128:13)",
                "diff": null
              },
              "uuid": "05763a52-a9d9-43aa-9614-163916be8580",
              "parentUUID": "10b1fb5d-d66a-4cc7-84b8-6b3a9db77612",
              "isHook": false,
              "skipped": false
            },
            {
              "title": "TC10 - Verify Subscription in home page",
              "fullTitle": "PGATS - Final Project - Automation Exercise TC10 - Verify Subscription in home page",
              "timedOut": null,
              "duration": 6127,
              "state": "passed",
              "speed": "medium",
              "pass": true,
              "fail": false,
              "pending": false,
              "context": null,
              "code": "const subscriptionData = generateSubscriptionData();\ntestFlows.subscriptionHomeFlow(subscriptionData.email);",
              "err": {},
              "uuid": "d1a5cbfb-f5e4-4218-a7e5-746a0ae645ad",
              "parentUUID": "10b1fb5d-d66a-4cc7-84b8-6b3a9db77612",
              "isHook": false,
              "skipped": false
            },
            {
              "title": "TC15 - Place Order: Register while Checkout",
              "fullTitle": "PGATS - Final Project - Automation Exercise TC15 - Place Order: Register while Checkout",
              "timedOut": null,
              "duration": 27555,
              "state": "passed",
              "speed": "slow",
              "pass": true,
              "fail": false,
              "pending": false,
              "context": null,
              "code": "testData.userData = generateUserData();\nconst paymentData = generatePaymentData();\ntestFlows.completeOrderFlow(testData.userData, paymentData);",
              "err": {},
              "uuid": "237da353-04c3-4ea9-92b0-d2948656bc1c",
              "parentUUID": "10b1fb5d-d66a-4cc7-84b8-6b3a9db77612",
              "isHook": false,
              "skipped": false
            }
          ],
          "suites": [],
          "passes": [
            "10e167c8-e7c2-40c4-9d38-bdd6c07b1894",
            "caf6e217-8d68-45fa-8a5a-202aa7241e49",
            "6814b89d-e553-49cd-bc7e-405bf3074797",
            "d058d625-09bb-4436-9f0a-c4ef21ca1345",
            "b00a2915-ecd3-4d74-a65c-41e853a7c397",
            "3f10d6eb-d03a-4de1-97c9-38eeb138bc40",
            "10f0867e-aaa4-4d3f-a136-d632920a215d",
            "d1a5cbfb-f5e4-4218-a7e5-746a0ae645ad",
            "237da353-04c3-4ea9-92b0-d2948656bc1c"
          ],
          "failures": [
            "05763a52-a9d9-43aa-9614-163916be8580"
          ],
          "pending": [],
          "skipped": [],
          "duration": 167111,
          "root": false,
          "rootEmpty": false,
          "_timeout": 2000
        }
      ],
      "passes": [],
      "failures": [],
      "pending": [],
      "skipped": [],
      "duration": 0,
      "root": true,
      "rootEmpty": true,
      "_timeout": 2000
    }
  ],
  "meta": {
    "mocha": {
      "version": "7.0.1"
    },
    "mochawesome": {
      "options": {
        "quiet": false,
        "reportFilename": "mochawesome",
        "saveHtml": true,
        "saveJson": true,
        "consoleReporter": "spec",
        "useInlineDiffs": false,
        "code": true
      },
      "version": "7.1.4"
    },
    "marge": {
      "options": {
        "reportDir": "cypress/reports",
        "overwrite": false,
        "html": true,
        "json": true,
        "timestamp": "mmddyyyy_HHMMss"
      },
      "version": "6.3.0"
    }
  }
}